2020-01-20 12:52:23,485 INFO o.a.j.u.JMeterUtils: Setting Locale to en_EN
2020-01-20 12:52:23,515 INFO o.a.j.JMeter: Loading user properties from: user.properties
2020-01-20 12:52:23,523 INFO o.a.j.JMeter: Loading system properties from: system.properties
2020-01-20 12:52:23,531 INFO o.a.j.JMeter: Copyright (c) 1998-2019 The Apache Software Foundation
2020-01-20 12:52:23,531 INFO o.a.j.JMeter: Version 5.1.1 r1855137
2020-01-20 12:52:23,531 INFO o.a.j.JMeter: java.version=1.8.0_241
2020-01-20 12:52:23,531 INFO o.a.j.JMeter: java.vm.name=Java HotSpot(TM) 64-Bit Server VM
2020-01-20 12:52:23,531 INFO o.a.j.JMeter: os.name=Windows 10
2020-01-20 12:52:23,531 INFO o.a.j.JMeter: os.arch=amd64
2020-01-20 12:52:23,531 INFO o.a.j.JMeter: os.version=10.0
2020-01-20 12:52:23,531 INFO o.a.j.JMeter: file.encoding=Cp1252
2020-01-20 12:52:23,532 INFO o.a.j.JMeter: java.awt.headless=null
2020-01-20 12:52:23,532 INFO o.a.j.JMeter: Max memory     =5368709120
2020-01-20 12:52:23,532 INFO o.a.j.JMeter: Available Processors =4
2020-01-20 12:52:23,536 INFO o.a.j.JMeter: Default Locale=English (EN)
2020-01-20 12:52:23,537 INFO o.a.j.JMeter: JMeter  Locale=English (EN)
2020-01-20 12:52:23,537 INFO o.a.j.JMeter: JMeterHome=C:\Users\SNepolian\Downloads\Movies\apache-jmeter-5.1.1 (1)\apache-jmeter-5.1.1
2020-01-20 12:52:23,537 INFO o.a.j.JMeter: user.dir  =C:\Users\SNepolian\Downloads\Movies\apache-jmeter-5.1.1 (1)\apache-jmeter-5.1.1\bin
2020-01-20 12:52:23,537 INFO o.a.j.JMeter: PWD       =C:\Users\SNepolian\Downloads\Movies\apache-jmeter-5.1.1 (1)\apache-jmeter-5.1.1\bin
2020-01-20 12:52:31,071 INFO o.a.j.JMeter: IP: 10.0.75.1 Name: 7470-CVJW3H2 FullName: 7470-CVJW3H2.smarshcorp.com
2020-01-20 12:52:31,343 INFO o.a.j.g.a.LookAndFeelCommand: Installing Darcula LAF
2020-01-20 12:52:31,362 INFO o.a.j.g.a.LookAndFeelCommand: Using look and feel: com.bulenkov.darcula.DarculaLaf [Darcula]
2020-01-20 12:52:31,362 INFO o.a.j.JMeter: Setting LAF to: com.bulenkov.darcula.DarculaLaf
2020-01-20 12:52:31,449 INFO o.a.j.JMeter: Loaded icon properties from org/apache/jmeter/images/icon.properties
2020-01-20 12:52:33,518 INFO o.a.j.p.h.s.HTTPSamplerBase: Parser for text/html is org.apache.jmeter.protocol.http.parser.LagartoBasedHtmlParser
2020-01-20 12:52:33,519 INFO o.a.j.p.h.s.HTTPSamplerBase: Parser for application/xhtml+xml is org.apache.jmeter.protocol.http.parser.LagartoBasedHtmlParser
2020-01-20 12:52:33,519 INFO o.a.j.p.h.s.HTTPSamplerBase: Parser for application/xml is org.apache.jmeter.protocol.http.parser.LagartoBasedHtmlParser
2020-01-20 12:52:33,519 INFO o.a.j.p.h.s.HTTPSamplerBase: Parser for text/xml is org.apache.jmeter.protocol.http.parser.LagartoBasedHtmlParser
2020-01-20 12:52:33,519 INFO o.a.j.p.h.s.HTTPSamplerBase: Parser for text/vnd.wap.wml is org.apache.jmeter.protocol.http.parser.RegexpHTMLParser
2020-01-20 12:52:33,519 INFO o.a.j.p.h.s.HTTPSamplerBase: Parser for text/css is org.apache.jmeter.protocol.http.parser.CssParser
2020-01-20 12:52:34,417 INFO o.a.j.e.KeyToolUtils: keytool found at 'keytool'
2020-01-20 12:52:34,418 INFO o.a.j.p.h.p.ProxyControl: HTTP(S) Test Script Recorder SSL Proxy will use keys that support embedded 3rd party resources in file C:\Users\SNepolian\Downloads\Movies\apache-jmeter-5.1.1 (1)\apache-jmeter-5.1.1\bin\proxyserver.jks
2020-01-20 12:52:34,601 INFO o.a.j.s.FileServer: Default base='C:\Users\SNepolian\Downloads\Movies\apache-jmeter-5.1.1 (1)\apache-jmeter-5.1.1\bin'
2020-01-20 12:52:35,959 INFO o.a.j.s.SampleResult: Note: Sample TimeStamps are START times
2020-01-20 12:52:35,959 INFO o.a.j.s.SampleResult: sampleresult.default.encoding is set to ISO-8859-1
2020-01-20 12:52:35,959 INFO o.a.j.s.SampleResult: sampleresult.useNanoTime=true
2020-01-20 12:52:35,959 INFO o.a.j.s.SampleResult: sampleresult.nanoThreadSleep=5000
2020-01-20 12:52:54,428 INFO o.a.j.g.a.Load: Loading file: C:\Users\SNepolian\Downloads\Movies\apache-jmeter-5.1.1 (1)\apache-jmeter-5.1.1\bin\smtpPROD.jmx
2020-01-20 12:52:54,428 INFO o.a.j.s.FileServer: Set new base='C:\Users\SNepolian\Downloads\Movies\apache-jmeter-5.1.1 (1)\apache-jmeter-5.1.1\bin'
2020-01-20 12:52:54,621 INFO o.a.j.s.SaveService: Testplan (JMX) version: 2.2. Testlog (JTL) version: 2.2
2020-01-20 12:52:54,651 INFO o.a.j.s.SaveService: Using SaveService properties file encoding UTF-8
2020-01-20 12:52:54,653 INFO o.a.j.s.SaveService: Using SaveService properties version 5.0
2020-01-20 12:52:54,657 INFO o.a.j.s.SaveService: Loading file: C:\Users\SNepolian\Downloads\Movies\apache-jmeter-5.1.1 (1)\apache-jmeter-5.1.1\bin\smtpPROD.jmx
2020-01-20 12:52:54,692 INFO o.a.j.p.h.c.CookieManager: Settings: Delete null: true Check: true Allow variable: true Save: false Prefix: COOKIE_
2020-01-20 12:52:55,206 INFO o.a.j.s.FileServer: Set new base='C:\Users\SNepolian\Downloads\Movies\apache-jmeter-5.1.1 (1)\apache-jmeter-5.1.1\bin'
2020-01-20 12:58:14,374 INFO o.a.j.e.StandardJMeterEngine: Running the test!
2020-01-20 12:58:14,376 INFO o.a.j.s.SampleEvent: List of sample_variables: []
2020-01-20 12:58:14,376 INFO o.a.j.s.SampleEvent: List of sample_variables: []
2020-01-20 12:58:14,378 INFO o.a.j.e.u.CompoundVariable: Note: Function class names must contain the string: '.functions.'
2020-01-20 12:58:14,378 INFO o.a.j.e.u.CompoundVariable: Note: Function class names must not contain the string: '.gui.'
2020-01-20 12:58:14,776 INFO o.a.j.g.u.JMeterMenuBar: setRunning(true, *local*)
2020-01-20 12:58:14,881 INFO o.a.j.e.StandardJMeterEngine: Starting ThreadGroup: 1 : Thread Group
2020-01-20 12:58:14,881 INFO o.a.j.e.StandardJMeterEngine: Starting 1 threads for group Thread Group.
2020-01-20 12:58:14,881 INFO o.a.j.e.StandardJMeterEngine: Thread will continue on error
2020-01-20 12:58:14,881 INFO o.a.j.t.ThreadGroup: Starting thread group... number=1 threads=1 ramp-up=0 delayedStart=false
2020-01-20 12:58:14,885 INFO o.a.j.t.ThreadGroup: Started thread group number 1
2020-01-20 12:58:14,886 INFO o.a.j.e.StandardJMeterEngine: All thread groups have been started
2020-01-20 12:58:14,908 INFO o.a.j.t.JMeterThread: Thread started: Thread Group 1-1
2020-01-20 12:58:15,957 INFO o.a.j.p.s.s.p.SendMailCommand: Using ssl/tls protocols for mail: SSLv2Hello SSLv3 TLSv1 TLSv1.1 TLSv1.2
2020-01-20 12:58:24,047 WARN o.a.j.p.s.s.SmtpSampler: 
com.sun.mail.smtp.SMTPSendFailedException: 450 Temporary failure, please try again later (EDADA063-796B-4AAA-8986-350C9259897F.1)

	at com.sun.mail.smtp.SMTPTransport.issueSendCommand(SMTPTransport.java:2108) ~[mail-1.5.0-b01.jar:1.5.0-b01]
	at com.sun.mail.smtp.SMTPTransport.finishData(SMTPTransport.java:1889) ~[mail-1.5.0-b01.jar:1.5.0-b01]
	at com.sun.mail.smtp.SMTPTransport.sendMessage(SMTPTransport.java:1120) ~[mail-1.5.0-b01.jar:1.5.0-b01]
	at org.apache.jmeter.protocol.smtp.sampler.protocol.SendMailCommand.execute(SendMailCommand.java:329) ~[ApacheJMeter_mail.jar:5.1.1 r1855137]
	at org.apache.jmeter.protocol.smtp.sampler.SmtpSampler.executeMessage(SmtpSampler.java:170) [ApacheJMeter_mail.jar:5.1.1 r1855137]
	at org.apache.jmeter.protocol.smtp.sampler.SmtpSampler.sample(SmtpSampler.java:147) [ApacheJMeter_mail.jar:5.1.1 r1855137]
	at org.apache.jmeter.threads.JMeterThread.doSampling(JMeterThread.java:622) [ApacheJMeter_core.jar:5.1.1 r1855137]
	at org.apache.jmeter.threads.JMeterThread.executeSamplePackage(JMeterThread.java:546) [ApacheJMeter_core.jar:5.1.1 r1855137]
	at org.apache.jmeter.threads.JMeterThread.processSampler(JMeterThread.java:486) [ApacheJMeter_core.jar:5.1.1 r1855137]
	at org.apache.jmeter.threads.JMeterThread.run(JMeterThread.java:253) [ApacheJMeter_core.jar:5.1.1 r1855137]
	at java.lang.Thread.run(Unknown Source) [?:1.8.0_241]
2020-01-20 12:58:24,054 INFO o.a.j.t.JMeterThread: Thread is done: Thread Group 1-1
2020-01-20 12:58:24,054 INFO o.a.j.t.JMeterThread: Thread finished: Thread Group 1-1
2020-01-20 12:58:24,055 INFO o.a.j.e.StandardJMeterEngine: Notifying test listeners of end of test
2020-01-20 12:58:24,055 INFO o.a.j.g.u.JMeterMenuBar: setRunning(false, *local*)
2020-01-20 13:01:09,812 INFO o.a.j.e.StandardJMeterEngine: Running the test!
2020-01-20 13:01:09,812 INFO o.a.j.s.SampleEvent: List of sample_variables: []
2020-01-20 13:01:09,816 INFO o.a.j.g.u.JMeterMenuBar: setRunning(true, *local*)
2020-01-20 13:01:09,875 INFO o.a.j.e.StandardJMeterEngine: Starting ThreadGroup: 1 : Thread Group
2020-01-20 13:01:09,875 INFO o.a.j.e.StandardJMeterEngine: Starting 1 threads for group Thread Group.
2020-01-20 13:01:09,876 INFO o.a.j.e.StandardJMeterEngine: Thread will continue on error
2020-01-20 13:01:09,876 INFO o.a.j.t.ThreadGroup: Starting thread group... number=1 threads=1 ramp-up=0 delayedStart=false
2020-01-20 13:01:09,877 INFO o.a.j.t.ThreadGroup: Started thread group number 1
2020-01-20 13:01:09,877 INFO o.a.j.e.StandardJMeterEngine: All thread groups have been started
2020-01-20 13:01:09,880 INFO o.a.j.t.JMeterThread: Thread started: Thread Group 1-1
2020-01-20 13:01:09,882 INFO o.a.j.p.s.s.p.SendMailCommand: Using ssl/tls protocols for mail: SSLv2Hello SSLv3 TLSv1 TLSv1.1 TLSv1.2
2020-01-20 13:01:17,821 WARN o.a.j.p.s.s.SmtpSampler: 
com.sun.mail.smtp.SMTPSendFailedException: 450 Temporary failure, please try again later (66F7B8A1-1288-4CD5-9428-75037CFD0D54.1)

	at com.sun.mail.smtp.SMTPTransport.issueSendCommand(SMTPTransport.java:2108) ~[mail-1.5.0-b01.jar:1.5.0-b01]
	at com.sun.mail.smtp.SMTPTransport.finishData(SMTPTransport.java:1889) ~[mail-1.5.0-b01.jar:1.5.0-b01]
	at com.sun.mail.smtp.SMTPTransport.sendMessage(SMTPTransport.java:1120) ~[mail-1.5.0-b01.jar:1.5.0-b01]
	at org.apache.jmeter.protocol.smtp.sampler.protocol.SendMailCommand.execute(SendMailCommand.java:329) ~[ApacheJMeter_mail.jar:5.1.1 r1855137]
	at org.apache.jmeter.protocol.smtp.sampler.SmtpSampler.executeMessage(SmtpSampler.java:170) [ApacheJMeter_mail.jar:5.1.1 r1855137]
	at org.apache.jmeter.protocol.smtp.sampler.SmtpSampler.sample(SmtpSampler.java:147) [ApacheJMeter_mail.jar:5.1.1 r1855137]
	at org.apache.jmeter.threads.JMeterThread.doSampling(JMeterThread.java:622) [ApacheJMeter_core.jar:5.1.1 r1855137]
	at org.apache.jmeter.threads.JMeterThread.executeSamplePackage(JMeterThread.java:546) [ApacheJMeter_core.jar:5.1.1 r1855137]
	at org.apache.jmeter.threads.JMeterThread.processSampler(JMeterThread.java:486) [ApacheJMeter_core.jar:5.1.1 r1855137]
	at org.apache.jmeter.threads.JMeterThread.run(JMeterThread.java:253) [ApacheJMeter_core.jar:5.1.1 r1855137]
	at java.lang.Thread.run(Unknown Source) [?:1.8.0_241]
2020-01-20 13:01:17,822 INFO o.a.j.t.JMeterThread: Thread is done: Thread Group 1-1
2020-01-20 13:01:17,822 INFO o.a.j.t.JMeterThread: Thread finished: Thread Group 1-1
2020-01-20 13:01:17,822 INFO o.a.j.e.StandardJMeterEngine: Notifying test listeners of end of test
2020-01-20 13:01:17,823 INFO o.a.j.g.u.JMeterMenuBar: setRunning(false, *local*)
2020-01-20 13:01:30,391 INFO o.a.j.e.StandardJMeterEngine: Running the test!
2020-01-20 13:01:30,392 INFO o.a.j.s.SampleEvent: List of sample_variables: []
2020-01-20 13:01:30,394 INFO o.a.j.g.u.JMeterMenuBar: setRunning(true, *local*)
2020-01-20 13:01:30,539 INFO o.a.j.e.StandardJMeterEngine: Starting ThreadGroup: 1 : Thread Group
2020-01-20 13:01:30,539 INFO o.a.j.e.StandardJMeterEngine: Starting 1 threads for group Thread Group.
2020-01-20 13:01:30,539 INFO o.a.j.e.StandardJMeterEngine: Thread will continue on error
2020-01-20 13:01:30,539 INFO o.a.j.t.ThreadGroup: Starting thread group... number=1 threads=1 ramp-up=0 delayedStart=false
2020-01-20 13:01:30,540 INFO o.a.j.t.ThreadGroup: Started thread group number 1
2020-01-20 13:01:30,541 INFO o.a.j.e.StandardJMeterEngine: All thread groups have been started
2020-01-20 13:01:30,545 INFO o.a.j.t.JMeterThread: Thread started: Thread Group 1-1
2020-01-20 13:01:30,547 INFO o.a.j.p.s.s.p.SendMailCommand: Using ssl/tls protocols for mail: SSLv2Hello SSLv3 TLSv1 TLSv1.1 TLSv1.2
2020-01-20 13:01:38,439 WARN o.a.j.p.s.s.SmtpSampler: 
com.sun.mail.smtp.SMTPSendFailedException: 450 Temporary failure, please try again later (4362215A-68A4-419E-A115-2A62ED5BE17C.1)

	at com.sun.mail.smtp.SMTPTransport.issueSendCommand(SMTPTransport.java:2108) ~[mail-1.5.0-b01.jar:1.5.0-b01]
	at com.sun.mail.smtp.SMTPTransport.finishData(SMTPTransport.java:1889) ~[mail-1.5.0-b01.jar:1.5.0-b01]
	at com.sun.mail.smtp.SMTPTransport.sendMessage(SMTPTransport.java:1120) ~[mail-1.5.0-b01.jar:1.5.0-b01]
	at org.apache.jmeter.protocol.smtp.sampler.protocol.SendMailCommand.execute(SendMailCommand.java:329) ~[ApacheJMeter_mail.jar:5.1.1 r1855137]
	at org.apache.jmeter.protocol.smtp.sampler.SmtpSampler.executeMessage(SmtpSampler.java:170) [ApacheJMeter_mail.jar:5.1.1 r1855137]
	at org.apache.jmeter.protocol.smtp.sampler.SmtpSampler.sample(SmtpSampler.java:147) [ApacheJMeter_mail.jar:5.1.1 r1855137]
	at org.apache.jmeter.threads.JMeterThread.doSampling(JMeterThread.java:622) [ApacheJMeter_core.jar:5.1.1 r1855137]
	at org.apache.jmeter.threads.JMeterThread.executeSamplePackage(JMeterThread.java:546) [ApacheJMeter_core.jar:5.1.1 r1855137]
	at org.apache.jmeter.threads.JMeterThread.processSampler(JMeterThread.java:486) [ApacheJMeter_core.jar:5.1.1 r1855137]
	at org.apache.jmeter.threads.JMeterThread.run(JMeterThread.java:253) [ApacheJMeter_core.jar:5.1.1 r1855137]
	at java.lang.Thread.run(Unknown Source) [?:1.8.0_241]
2020-01-20 13:01:38,442 INFO o.a.j.t.JMeterThread: Thread is done: Thread Group 1-1
2020-01-20 13:01:38,442 INFO o.a.j.t.JMeterThread: Thread finished: Thread Group 1-1
2020-01-20 13:01:38,443 INFO o.a.j.e.StandardJMeterEngine: Notifying test listeners of end of test
2020-01-20 13:01:38,444 INFO o.a.j.g.u.JMeterMenuBar: setRunning(false, *local*)
2020-01-20 13:09:04,041 INFO o.a.j.g.a.Load: Loading file: C:\Users\SNepolian\OneDrive - Smarsh, Inc\concourse\jmeter-on-concourse-master\jmeter-on-concourse-master\test.jmx
2020-01-20 13:09:04,041 INFO o.a.j.s.FileServer: Set new base='C:\Users\SNepolian\OneDrive - Smarsh, Inc\concourse\jmeter-on-concourse-master\jmeter-on-concourse-master'
2020-01-20 13:09:04,041 INFO o.a.j.s.SaveService: Loading file: C:\Users\SNepolian\OneDrive - Smarsh, Inc\concourse\jmeter-on-concourse-master\jmeter-on-concourse-master\test.jmx
2020-01-20 13:09:04,072 INFO o.a.j.s.FileServer: Set new base='C:\Users\SNepolian\OneDrive - Smarsh, Inc\concourse\jmeter-on-concourse-master\jmeter-on-concourse-master'
2020-01-20 13:12:56,684 INFO o.a.j.g.a.Load: Loading file: C:\Users\SNepolian\Downloads\Movies\apache-jmeter-5.1.1 (1)\apache-jmeter-5.1.1\bin\smtpPROD.jmx
2020-01-20 13:12:56,684 INFO o.a.j.s.FileServer: Set new base='C:\Users\SNepolian\Downloads\Movies\apache-jmeter-5.1.1 (1)\apache-jmeter-5.1.1\bin'
2020-01-20 13:12:56,685 INFO o.a.j.s.SaveService: Loading file: C:\Users\SNepolian\Downloads\Movies\apache-jmeter-5.1.1 (1)\apache-jmeter-5.1.1\bin\smtpPROD.jmx
2020-01-20 13:12:56,840 INFO o.a.j.s.FileServer: Set new base='C:\Users\SNepolian\Downloads\Movies\apache-jmeter-5.1.1 (1)\apache-jmeter-5.1.1\bin'
